<?xml version="1.0" encoding="UTF-8"?>
<!-- Generated by org.testng.reporters.JUnitReportReporter -->
<testsuite hostname="Nandhitha" failures="0" tests="1" name="testCases.BookingPageNavigationTabsTest" time="5.761" errors="0" timestamp="2024-09-16T12:49:52 IST" skipped="0">
  <testcase classname="testCases.BookingPageNavigationTabsTest" name="TC010_checkNavigationTabs" time="5.761"/>
</testsuite> <!-- testCases.BookingPageNavigationTabsTest -->
